2017-08-06 20:21:46,467 [Worker-0] INFO  o.e.m.c.i.l.LifecycleMappingFactory - Using org.eclipse.m2e.jdt.JarLifecycleMapping lifecycle mapping for MavenProject: com.itcuties.service:HighScoresService:0.0.1-SNAPSHOT @ /home/gayantha/Documents/git/Axis2-Project/HighScoresService/pom.xml.
2017-08-06 20:21:46,785 [Worker-0] INFO  o.e.m.j.i.AbstractJavaProjectConfigurator - Adding source folder /HighScoresService/src/main/java
2017-08-06 20:21:46,787 [Worker-0] INFO  o.e.m.j.i.AbstractJavaProjectConfigurator - Adding resource folder /HighScoresService/src/main/resources
2017-08-06 20:21:46,787 [Worker-0] INFO  o.e.m.j.i.AbstractJavaProjectConfigurator - Adding source folder /HighScoresService/src/test/java
2017-08-06 20:21:46,788 [Worker-0] INFO  o.e.m.j.i.AbstractJavaProjectConfigurator - Adding resource folder /HighScoresService/src/test/resources
2017-08-06 20:21:47,730 [Worker-11] WARN  o.e.m.c.i.embedder.EclipseLogger - Using platform encoding (UTF-8 actually) to copy filtered resources, i.e. build is platform dependent!
2017-08-06 20:21:47,742 [Worker-11] INFO  o.e.m.c.i.embedder.EclipseLogger - Copying 0 resource
2017-08-06 20:21:47,744 [Worker-11] WARN  o.e.m.c.i.embedder.EclipseLogger - Using platform encoding (UTF-8 actually) to copy filtered resources, i.e. build is platform dependent!
2017-08-06 20:21:47,744 [Worker-11] INFO  o.e.m.c.i.embedder.EclipseLogger - Copying 0 resource
2017-08-06 20:23:05,577 [Worker-4] WARN  o.e.m.c.i.embedder.EclipseLogger - Using platform encoding (UTF-8 actually) to copy filtered resources, i.e. build is platform dependent!
2017-08-06 20:23:05,601 [Worker-4] INFO  o.e.m.c.i.embedder.EclipseLogger - Copying 0 resource
2017-08-06 20:23:05,615 [Worker-4] WARN  o.e.m.c.i.embedder.EclipseLogger - Using platform encoding (UTF-8 actually) to copy filtered resources, i.e. build is platform dependent!
2017-08-06 20:23:05,616 [Worker-4] INFO  o.e.m.c.i.embedder.EclipseLogger - Copying 0 resource
2017-08-06 20:23:36,410 [Worker-3] WARN  o.e.m.c.i.embedder.EclipseLogger - Using platform encoding (UTF-8 actually) to copy filtered resources, i.e. build is platform dependent!
2017-08-06 20:23:36,411 [Worker-3] INFO  o.e.m.c.i.embedder.EclipseLogger - Copying 1 resource
2017-08-06 20:23:36,423 [Worker-3] WARN  o.e.m.c.i.embedder.EclipseLogger - Using platform encoding (UTF-8 actually) to copy filtered resources, i.e. build is platform dependent!
2017-08-06 20:23:36,424 [Worker-3] INFO  o.e.m.c.i.embedder.EclipseLogger - Copying 0 resource
2017-08-06 20:28:11,267 [Worker-7] INFO  o.e.m.c.i.e.AbstractTransferListenerAdapter - Downloading https://repo.maven.apache.org/maven2/org/apache/axis2/axis2-wsdl2code-maven-plugin/maven-metadata.xml
2017-08-06 20:28:11,564 [Worker-7] INFO  o.e.m.c.i.e.AbstractTransferListenerAdapter - Downloaded https://repo.maven.apache.org/maven2/org/apache/axis2/axis2-wsdl2code-maven-plugin/maven-metadata.xml
2017-08-06 20:28:11,952 [Worker-7] INFO  o.e.m.c.i.e.AbstractTransferListenerAdapter - Downloading https://repo.maven.apache.org/maven2/org/apache/axis2/axis2-wsdl2code-maven-plugin/1.7.6/axis2-wsdl2code-maven-plugin-1.7.6.pom
2017-08-06 20:28:12,209 [Worker-7] INFO  o.e.m.c.i.e.AbstractTransferListenerAdapter - Downloaded https://repo.maven.apache.org/maven2/org/apache/axis2/axis2-wsdl2code-maven-plugin/1.7.6/axis2-wsdl2code-maven-plugin-1.7.6.pom
2017-08-06 20:28:12,485 [Worker-7] INFO  o.e.m.c.i.e.AbstractTransferListenerAdapter - Downloading https://repo.maven.apache.org/maven2/org/apache/axis2/axis2/1.7.6/axis2-1.7.6.pom
2017-08-06 20:28:13,072 [Worker-7] INFO  o.e.m.c.i.e.AbstractTransferListenerAdapter - Downloaded https://repo.maven.apache.org/maven2/org/apache/axis2/axis2/1.7.6/axis2-1.7.6.pom
2017-08-06 20:28:13,510 [Worker-7] INFO  o.e.m.c.i.e.AbstractTransferListenerAdapter - Downloading https://repo.maven.apache.org/maven2/org/apache/axis2/axis2-wsdl2code-maven-plugin/1.7.6/axis2-wsdl2code-maven-plugin-1.7.6.jar
2017-08-06 20:28:13,786 [Worker-7] INFO  o.e.m.c.i.e.AbstractTransferListenerAdapter - Downloaded https://repo.maven.apache.org/maven2/org/apache/axis2/axis2-wsdl2code-maven-plugin/1.7.6/axis2-wsdl2code-maven-plugin-1.7.6.jar
2017-08-06 20:28:14,098 [Worker-7] INFO  o.e.m.c.i.l.LifecycleMappingFactory - Using org.eclipse.m2e.jdt.JarLifecycleMapping lifecycle mapping for MavenProject: com.itcuties.service:HighScoresService:0.0.1-SNAPSHOT @ /home/gayantha/Documents/git/Axis2-Project/HighScoresService/pom.xml.
2017-08-06 20:28:14,250 [Worker-7] WARN  o.e.m.c.i.embedder.EclipseLogger - Using platform encoding (UTF-8 actually) to copy filtered resources, i.e. build is platform dependent!
2017-08-06 20:28:14,252 [Worker-7] INFO  o.e.m.c.i.embedder.EclipseLogger - Copying 0 resource
2017-08-06 20:28:14,254 [Worker-7] WARN  o.e.m.c.i.embedder.EclipseLogger - Using platform encoding (UTF-8 actually) to copy filtered resources, i.e. build is platform dependent!
2017-08-06 20:28:14,255 [Worker-7] INFO  o.e.m.c.i.embedder.EclipseLogger - Copying 0 resource
2017-08-06 20:30:16,188 [ModalContext] INFO  o.e.m.c.i.e.AbstractTransferListenerAdapter - Downloading https://repo.maven.apache.org/maven2/org/apache/axis2/axis2-wsdl2code-maven-plugin/1.6.1/axis2-wsdl2code-maven-plugin-1.6.1.pom
2017-08-06 20:30:16,392 [ModalContext] INFO  o.e.m.c.i.e.AbstractTransferListenerAdapter - Downloaded https://repo.maven.apache.org/maven2/org/apache/axis2/axis2-wsdl2code-maven-plugin/1.6.1/axis2-wsdl2code-maven-plugin-1.6.1.pom
2017-08-06 20:30:16,701 [ModalContext] INFO  o.e.m.c.i.e.AbstractTransferListenerAdapter - Downloading https://repo.maven.apache.org/maven2/org/apache/axis2/axis2-wsdl2code-maven-plugin/1.6.1/axis2-wsdl2code-maven-plugin-1.6.1.jar
2017-08-06 20:30:16,904 [ModalContext] INFO  o.e.m.c.i.e.AbstractTransferListenerAdapter - Downloaded https://repo.maven.apache.org/maven2/org/apache/axis2/axis2-wsdl2code-maven-plugin/1.6.1/axis2-wsdl2code-maven-plugin-1.6.1.jar
2017-08-06 20:30:17,835 [ModalContext] INFO  o.e.m.c.i.e.AbstractTransferListenerAdapter - Downloading https://repo.maven.apache.org/maven2/org/apache/axis2/axis2-adb-codegen/1.6.1/axis2-adb-codegen-1.6.1.pom
2017-08-06 20:30:18,132 [ModalContext] INFO  o.e.m.c.i.e.AbstractTransferListenerAdapter - Downloaded https://repo.maven.apache.org/maven2/org/apache/axis2/axis2-adb-codegen/1.6.1/axis2-adb-codegen-1.6.1.pom
2017-08-06 20:30:18,338 [ModalContext] INFO  o.e.m.c.i.e.AbstractTransferListenerAdapter - Downloading https://repo.maven.apache.org/maven2/org/apache/axis2/axis2-java2wsdl/1.6.1/axis2-java2wsdl-1.6.1.pom
2017-08-06 20:30:18,542 [ModalContext] INFO  o.e.m.c.i.e.AbstractTransferListenerAdapter - Downloaded https://repo.maven.apache.org/maven2/org/apache/axis2/axis2-java2wsdl/1.6.1/axis2-java2wsdl-1.6.1.pom
2017-08-06 20:30:18,747 [ModalContext] INFO  o.e.m.c.i.e.AbstractTransferListenerAdapter - Downloading https://repo.maven.apache.org/maven2/org/apache/axis2/axis2-transport-http/1.6.1/axis2-transport-http-1.6.1.pom
2017-08-06 20:30:18,952 [ModalContext] INFO  o.e.m.c.i.e.AbstractTransferListenerAdapter - Downloaded https://repo.maven.apache.org/maven2/org/apache/axis2/axis2-transport-http/1.6.1/axis2-transport-http-1.6.1.pom
2017-08-06 20:30:19,669 [ModalContext] INFO  o.e.m.c.i.e.AbstractTransferListenerAdapter - Downloading https://repo.maven.apache.org/maven2/org/apache/axis2/axis2-transport-local/1.6.1/axis2-transport-local-1.6.1.pom
2017-08-06 20:30:19,873 [ModalContext] INFO  o.e.m.c.i.e.AbstractTransferListenerAdapter - Downloaded https://repo.maven.apache.org/maven2/org/apache/axis2/axis2-transport-local/1.6.1/axis2-transport-local-1.6.1.pom
2017-08-06 20:30:20,181 [ModalContext] INFO  o.e.m.c.i.e.AbstractTransferListenerAdapter - Downloading https://repo.maven.apache.org/maven2/org/apache/axis2/axis2-xmlbeans/1.6.1/axis2-xmlbeans-1.6.1.pom
2017-08-06 20:30:20,384 [ModalContext] INFO  o.e.m.c.i.e.AbstractTransferListenerAdapter - Downloaded https://repo.maven.apache.org/maven2/org/apache/axis2/axis2-xmlbeans/1.6.1/axis2-xmlbeans-1.6.1.pom
2017-08-06 20:30:20,897 [ModalContext] INFO  o.e.m.c.i.e.AbstractTransferListenerAdapter - Downloading https://repo.maven.apache.org/maven2/org/apache/maven/maven-artifact/2.0.8/maven-artifact-2.0.8.jar
2017-08-06 20:30:21,307 [ModalContext] INFO  o.e.m.c.i.e.AbstractTransferListenerAdapter - Downloaded https://repo.maven.apache.org/maven2/org/apache/maven/maven-artifact/2.0.8/maven-artifact-2.0.8.jar
2017-08-06 20:30:21,926 [ModalContext] INFO  o.e.m.c.i.e.AbstractTransferListenerAdapter - Downloading https://repo.maven.apache.org/maven2/org/apache/axis2/axis2-adb-codegen/1.6.1/axis2-adb-codegen-1.6.1.jar
2017-08-06 20:30:22,332 [ModalContext] INFO  o.e.m.c.i.e.AbstractTransferListenerAdapter - Downloaded https://repo.maven.apache.org/maven2/org/apache/axis2/axis2-adb-codegen/1.6.1/axis2-adb-codegen-1.6.1.jar
2017-08-06 20:30:22,742 [ModalContext] INFO  o.e.m.c.i.e.AbstractTransferListenerAdapter - Downloading https://repo.maven.apache.org/maven2/org/apache/axis2/axis2-java2wsdl/1.6.1/axis2-java2wsdl-1.6.1.jar
2017-08-06 20:30:22,945 [ModalContext] INFO  o.e.m.c.i.e.AbstractTransferListenerAdapter - Downloaded https://repo.maven.apache.org/maven2/org/apache/axis2/axis2-java2wsdl/1.6.1/axis2-java2wsdl-1.6.1.jar
2017-08-06 20:30:23,252 [ModalContext] INFO  o.e.m.c.i.e.AbstractTransferListenerAdapter - Downloading https://repo.maven.apache.org/maven2/org/apache/axis2/axis2-transport-http/1.6.1/axis2-transport-http-1.6.1.jar
2017-08-06 20:30:23,560 [ModalContext] INFO  o.e.m.c.i.e.AbstractTransferListenerAdapter - Downloaded https://repo.maven.apache.org/maven2/org/apache/axis2/axis2-transport-http/1.6.1/axis2-transport-http-1.6.1.jar
2017-08-06 20:30:23,976 [ModalContext] INFO  o.e.m.c.i.e.AbstractTransferListenerAdapter - Downloading https://repo.maven.apache.org/maven2/org/apache/axis2/axis2-transport-local/1.6.1/axis2-transport-local-1.6.1.jar
2017-08-06 20:30:24,276 [ModalContext] INFO  o.e.m.c.i.e.AbstractTransferListenerAdapter - Downloaded https://repo.maven.apache.org/maven2/org/apache/axis2/axis2-transport-local/1.6.1/axis2-transport-local-1.6.1.jar
2017-08-06 20:30:24,806 [ModalContext] INFO  o.e.m.c.i.e.AbstractTransferListenerAdapter - Downloading https://repo.maven.apache.org/maven2/org/apache/axis2/axis2-xmlbeans/1.6.1/axis2-xmlbeans-1.6.1.jar
2017-08-06 20:30:25,095 [ModalContext] INFO  o.e.m.c.i.e.AbstractTransferListenerAdapter - Downloaded https://repo.maven.apache.org/maven2/org/apache/axis2/axis2-xmlbeans/1.6.1/axis2-xmlbeans-1.6.1.jar
2017-08-06 20:30:25,710 [ModalContext] INFO  o.e.m.c.i.e.AbstractTransferListenerAdapter - Downloading https://repo.maven.apache.org/maven2/org/codehaus/plexus/plexus-utils/1.4.9/plexus-utils-1.4.9.jar
2017-08-06 20:30:26,119 [ModalContext] INFO  o.e.m.c.i.e.AbstractTransferListenerAdapter - Downloaded https://repo.maven.apache.org/maven2/org/codehaus/plexus/plexus-utils/1.4.9/plexus-utils-1.4.9.jar
2017-08-06 20:32:30,847 [Worker-11] INFO  o.e.m.c.i.l.LifecycleMappingFactory - Using org.eclipse.m2e.jdt.JarLifecycleMapping lifecycle mapping for MavenProject: com.itcuties.service:HighScoresService:0.0.1-SNAPSHOT @ /home/gayantha/Documents/git/Axis2-Project/HighScoresService/pom.xml.
2017-08-06 20:32:30,924 [Worker-11] WARN  o.e.m.c.i.embedder.EclipseLogger - Using platform encoding (UTF-8 actually) to copy filtered resources, i.e. build is platform dependent!
2017-08-06 20:32:30,925 [Worker-11] INFO  o.e.m.c.i.embedder.EclipseLogger - Copying 0 resource
2017-08-06 20:32:30,927 [Worker-11] WARN  o.e.m.c.i.embedder.EclipseLogger - Using platform encoding (UTF-8 actually) to copy filtered resources, i.e. build is platform dependent!
2017-08-06 20:32:30,928 [Worker-11] INFO  o.e.m.c.i.embedder.EclipseLogger - Copying 0 resource
2017-08-06 20:34:24,588 [Worker-21] INFO  o.e.m.c.i.l.LifecycleMappingFactory - Using org.eclipse.m2e.jdt.JarLifecycleMapping lifecycle mapping for MavenProject: com.itcuties.service:HighScoresService:0.0.1-SNAPSHOT @ /home/gayantha/Documents/git/Axis2-Project/HighScoresService/pom.xml.
2017-08-06 20:34:24,666 [Worker-21] WARN  o.e.m.c.i.embedder.EclipseLogger - Using platform encoding (UTF-8 actually) to copy filtered resources, i.e. build is platform dependent!
2017-08-06 20:34:24,668 [Worker-21] INFO  o.e.m.c.i.embedder.EclipseLogger - Copying 0 resource
2017-08-06 20:34:24,669 [Worker-21] WARN  o.e.m.c.i.embedder.EclipseLogger - Using platform encoding (UTF-8 actually) to copy filtered resources, i.e. build is platform dependent!
2017-08-06 20:34:24,670 [Worker-21] INFO  o.e.m.c.i.embedder.EclipseLogger - Copying 0 resource
2017-08-06 21:48:33,624 [Worker-37] INFO  o.e.m.i.launch.MavenLaunchDelegate - /home/gayantha/Documents/git/Axis2-Project/HighScoresService
2017-08-06 21:48:33,624 [Worker-37] INFO  o.e.m.i.launch.MavenLaunchDelegate -  mvn  -B generate-sources
2017-08-06 21:48:36,332 [Worker-37] WARN  o.e.m.c.i.embedder.EclipseLogger - Using platform encoding (UTF-8 actually) to copy filtered resources, i.e. build is platform dependent!
2017-08-06 21:48:36,333 [Worker-37] INFO  o.e.m.c.i.embedder.EclipseLogger - Copying 0 resource
2017-08-06 21:48:36,336 [Worker-37] WARN  o.e.m.c.i.embedder.EclipseLogger - Using platform encoding (UTF-8 actually) to copy filtered resources, i.e. build is platform dependent!
2017-08-06 21:48:36,338 [Worker-37] INFO  o.e.m.c.i.embedder.EclipseLogger - Copying 0 resource
2017-08-06 21:50:13,597 [Worker-37] INFO  o.e.m.c.i.l.LifecycleMappingFactory - Using org.eclipse.m2e.jdt.JarLifecycleMapping lifecycle mapping for MavenProject: com.itcuties.service:HighScoresService:0.0.1-SNAPSHOT @ /home/gayantha/Documents/git/Axis2-Project/HighScoresService/pom.xml.
2017-08-06 21:50:13,683 [Worker-37] WARN  o.e.m.c.i.embedder.EclipseLogger - Using platform encoding (UTF-8 actually) to copy filtered resources, i.e. build is platform dependent!
2017-08-06 21:50:13,684 [Worker-37] INFO  o.e.m.c.i.embedder.EclipseLogger - Copying 0 resource
2017-08-06 21:50:13,686 [Worker-37] WARN  o.e.m.c.i.embedder.EclipseLogger - Using platform encoding (UTF-8 actually) to copy filtered resources, i.e. build is platform dependent!
2017-08-06 21:50:13,686 [Worker-37] INFO  o.e.m.c.i.embedder.EclipseLogger - Copying 0 resource
2017-08-06 21:50:58,209 [Worker-36] WARN  o.e.m.c.i.embedder.EclipseLogger - Using platform encoding (UTF-8 actually) to copy filtered resources, i.e. build is platform dependent!
2017-08-06 21:50:58,210 [Worker-36] INFO  o.e.m.c.i.embedder.EclipseLogger - Copying 1 resource
2017-08-06 21:50:58,225 [Worker-36] WARN  o.e.m.c.i.embedder.EclipseLogger - Using platform encoding (UTF-8 actually) to copy filtered resources, i.e. build is platform dependent!
2017-08-06 21:50:58,225 [Worker-36] INFO  o.e.m.c.i.embedder.EclipseLogger - Copying 0 resource
2017-08-06 21:51:21,448 [Worker-33] INFO  o.e.m.i.launch.MavenLaunchDelegate - /home/gayantha/Documents/git/Axis2-Project/HighScoresService
2017-08-06 21:51:21,448 [Worker-33] INFO  o.e.m.i.launch.MavenLaunchDelegate -  mvn  -B generate-sources
2017-08-06 21:51:23,795 [Worker-33] WARN  o.e.m.c.i.embedder.EclipseLogger - Using platform encoding (UTF-8 actually) to copy filtered resources, i.e. build is platform dependent!
2017-08-06 21:51:23,796 [Worker-33] INFO  o.e.m.c.i.embedder.EclipseLogger - Copying 0 resource
2017-08-06 21:51:23,799 [Worker-33] WARN  o.e.m.c.i.embedder.EclipseLogger - Using platform encoding (UTF-8 actually) to copy filtered resources, i.e. build is platform dependent!
2017-08-06 21:51:23,800 [Worker-33] INFO  o.e.m.c.i.embedder.EclipseLogger - Copying 0 resource
2017-08-06 21:54:12,573 [Worker-36] INFO  o.e.m.c.i.l.LifecycleMappingFactory - Using org.eclipse.m2e.jdt.JarLifecycleMapping lifecycle mapping for MavenProject: com.itcuties.service:HighScoresService:0.0.1-SNAPSHOT @ /home/gayantha/Documents/git/Axis2-Project/HighScoresService/pom.xml.
2017-08-06 21:54:12,650 [Worker-36] WARN  o.e.m.c.i.embedder.EclipseLogger - Using platform encoding (UTF-8 actually) to copy filtered resources, i.e. build is platform dependent!
2017-08-06 21:54:12,651 [Worker-36] INFO  o.e.m.c.i.embedder.EclipseLogger - Copying 0 resource
2017-08-06 21:54:12,652 [Worker-36] INFO  o.e.m.c.i.embedder.EclipseLogger - Copying 0 resource
2017-08-06 21:54:12,653 [Worker-36] WARN  o.e.m.c.i.embedder.EclipseLogger - Using platform encoding (UTF-8 actually) to copy filtered resources, i.e. build is platform dependent!
2017-08-06 21:54:12,654 [Worker-36] INFO  o.e.m.c.i.embedder.EclipseLogger - Copying 0 resource
2017-08-06 21:57:13,217 [Worker-36] INFO  o.e.m.c.i.l.LifecycleMappingFactory - Using org.eclipse.m2e.jdt.JarLifecycleMapping lifecycle mapping for MavenProject: com.itcuties.service:HighScoresService:0.0.1-SNAPSHOT @ /home/gayantha/Documents/git/Axis2-Project/HighScoresService/pom.xml.
2017-08-06 21:57:14,725 [Worker-36] INFO  o.e.m.c.i.e.AbstractTransferListenerAdapter - Downloading https://repo.maven.apache.org/maven2/org/apache/axis2/axis2/1.6.2/axis2-1.6.2.pom
2017-08-06 21:57:15,135 [Worker-36] INFO  o.e.m.c.i.e.AbstractTransferListenerAdapter - Downloaded https://repo.maven.apache.org/maven2/org/apache/axis2/axis2/1.6.2/axis2-1.6.2.pom
2017-08-06 21:57:15,339 [Worker-36] INFO  o.e.m.c.i.e.AbstractTransferListenerAdapter - Downloading https://repo.maven.apache.org/maven2/org/apache/xmlbeans/xmlbeans/2.5.0/xmlbeans-2.5.0.pom
2017-08-06 21:57:15,544 [Worker-36] INFO  o.e.m.c.i.e.AbstractTransferListenerAdapter - Downloaded https://repo.maven.apache.org/maven2/org/apache/xmlbeans/xmlbeans/2.5.0/xmlbeans-2.5.0.pom
2017-08-06 21:57:15,854 [Worker-36] INFO  o.e.m.c.i.e.AbstractTransferListenerAdapter - Downloading https://repo.maven.apache.org/maven2/org/apache/axis2/axis2/1.6.2/axis2-1.6.2.jar
2017-08-06 21:57:18,103 [Worker-36] INFO  o.e.m.c.i.e.AbstractTransferListenerAdapter - Downloaded https://repo.maven.apache.org/maven2/org/apache/axis2/axis2/1.6.2/axis2-1.6.2.jar
2017-08-06 21:57:18,415 [Worker-36] INFO  o.e.m.c.i.e.AbstractTransferListenerAdapter - Downloading https://repo.maven.apache.org/maven2/org/apache/xmlbeans/xmlbeans/2.5.0/xmlbeans-2.5.0.jar
2017-08-06 21:57:20,049 [Worker-36] INFO  o.e.m.c.i.e.AbstractTransferListenerAdapter - Downloaded https://repo.maven.apache.org/maven2/org/apache/xmlbeans/xmlbeans/2.5.0/xmlbeans-2.5.0.jar
2017-08-06 21:57:20,191 [Worker-36] WARN  o.e.m.c.i.embedder.EclipseLogger - Using platform encoding (UTF-8 actually) to copy filtered resources, i.e. build is platform dependent!
2017-08-06 21:57:20,192 [Worker-36] INFO  o.e.m.c.i.embedder.EclipseLogger - Copying 0 resource
2017-08-06 21:57:20,193 [Worker-36] INFO  o.e.m.c.i.embedder.EclipseLogger - Copying 0 resource
2017-08-06 21:57:20,195 [Worker-36] WARN  o.e.m.c.i.embedder.EclipseLogger - Using platform encoding (UTF-8 actually) to copy filtered resources, i.e. build is platform dependent!
2017-08-06 21:57:20,195 [Worker-36] INFO  o.e.m.c.i.embedder.EclipseLogger - Copying 0 resource
2017-08-06 21:57:21,382 [Worker-38] WARN  o.e.m.c.i.embedder.EclipseLogger - Using platform encoding (UTF-8 actually) to copy filtered resources, i.e. build is platform dependent!
2017-08-06 21:57:21,387 [Worker-38] INFO  o.e.m.c.i.embedder.EclipseLogger - Copying 2 resources
2017-08-06 21:57:21,438 [Worker-38] INFO  o.e.m.c.i.embedder.EclipseLogger - Copying 571 resources
2017-08-06 21:57:21,504 [Worker-38] WARN  o.e.m.c.i.embedder.EclipseLogger - Using platform encoding (UTF-8 actually) to copy filtered resources, i.e. build is platform dependent!
2017-08-06 21:57:21,505 [Worker-38] INFO  o.e.m.c.i.embedder.EclipseLogger - Copying 0 resource
2017-08-06 21:58:09,692 [Worker-33] INFO  o.e.m.c.i.l.LifecycleMappingFactory - Using org.eclipse.m2e.jdt.JarLifecycleMapping lifecycle mapping for MavenProject: com.itcuties.service:HighScoresService:0.0.1-SNAPSHOT @ /home/gayantha/Documents/git/Axis2-Project/HighScoresService/pom.xml.
2017-08-06 21:58:09,917 [Worker-33] INFO  o.e.m.c.i.e.AbstractTransferListenerAdapter - Downloading https://repo.maven.apache.org/maven2/org/apache/ws/commons/axiom/axiom-api/1.2.13/axiom-api-1.2.13.pom
2017-08-06 21:58:10,119 [Worker-33] INFO  o.e.m.c.i.e.AbstractTransferListenerAdapter - Downloaded https://repo.maven.apache.org/maven2/org/apache/ws/commons/axiom/axiom-api/1.2.13/axiom-api-1.2.13.pom
2017-08-06 21:58:10,326 [Worker-33] INFO  o.e.m.c.i.e.AbstractTransferListenerAdapter - Downloading https://repo.maven.apache.org/maven2/org/apache/ws/commons/axiom/axiom-parent/1.2.13/axiom-parent-1.2.13.pom
2017-08-06 21:58:10,528 [Worker-33] INFO  o.e.m.c.i.e.AbstractTransferListenerAdapter - Downloaded https://repo.maven.apache.org/maven2/org/apache/ws/commons/axiom/axiom-parent/1.2.13/axiom-parent-1.2.13.pom
2017-08-06 21:58:10,735 [Worker-33] INFO  o.e.m.c.i.e.AbstractTransferListenerAdapter - Downloading https://repo.maven.apache.org/maven2/org/apache/geronimo/specs/geronimo-activation_1.1_spec/1.1/geronimo-activation_1.1_spec-1.1.pom
2017-08-06 21:58:10,939 [Worker-33] INFO  o.e.m.c.i.e.AbstractTransferListenerAdapter - Downloaded https://repo.maven.apache.org/maven2/org/apache/geronimo/specs/geronimo-activation_1.1_spec/1.1/geronimo-activation_1.1_spec-1.1.pom
2017-08-06 21:58:11,861 [Worker-33] INFO  o.e.m.c.i.e.AbstractTransferListenerAdapter - Downloading https://repo.maven.apache.org/maven2/org/apache/geronimo/specs/geronimo-javamail_1.4_spec/1.7.1/geronimo-javamail_1.4_spec-1.7.1.pom
2017-08-06 21:58:12,066 [Worker-33] INFO  o.e.m.c.i.e.AbstractTransferListenerAdapter - Downloaded https://repo.maven.apache.org/maven2/org/apache/geronimo/specs/geronimo-javamail_1.4_spec/1.7.1/geronimo-javamail_1.4_spec-1.7.1.pom
2017-08-06 21:58:12,271 [Worker-33] INFO  o.e.m.c.i.e.AbstractTransferListenerAdapter - Downloading https://repo.maven.apache.org/maven2/jaxen/jaxen/1.1.3/jaxen-1.1.3.pom
2017-08-06 21:58:12,475 [Worker-33] INFO  o.e.m.c.i.e.AbstractTransferListenerAdapter - Downloaded https://repo.maven.apache.org/maven2/jaxen/jaxen/1.1.3/jaxen-1.1.3.pom
2017-08-06 21:58:12,679 [Worker-33] INFO  o.e.m.c.i.e.AbstractTransferListenerAdapter - Downloading https://repo.maven.apache.org/maven2/org/apache/james/apache-mime4j-core/0.7.2/apache-mime4j-core-0.7.2.pom
2017-08-06 21:58:12,884 [Worker-33] INFO  o.e.m.c.i.e.AbstractTransferListenerAdapter - Downloaded https://repo.maven.apache.org/maven2/org/apache/james/apache-mime4j-core/0.7.2/apache-mime4j-core-0.7.2.pom
2017-08-06 21:58:13,089 [Worker-33] INFO  o.e.m.c.i.e.AbstractTransferListenerAdapter - Downloading https://repo.maven.apache.org/maven2/org/apache/james/apache-mime4j-project/0.7.2/apache-mime4j-project-0.7.2.pom
2017-08-06 21:58:13,294 [Worker-33] INFO  o.e.m.c.i.e.AbstractTransferListenerAdapter - Downloaded https://repo.maven.apache.org/maven2/org/apache/james/apache-mime4j-project/0.7.2/apache-mime4j-project-0.7.2.pom
2017-08-06 21:58:13,499 [Worker-33] INFO  o.e.m.c.i.e.AbstractTransferListenerAdapter - Downloading https://repo.maven.apache.org/maven2/org/apache/james/james-project/1.8/james-project-1.8.pom
2017-08-06 21:58:13,710 [Worker-33] INFO  o.e.m.c.i.e.AbstractTransferListenerAdapter - Downloaded https://repo.maven.apache.org/maven2/org/apache/james/james-project/1.8/james-project-1.8.pom
2017-08-06 21:58:13,912 [Worker-33] INFO  o.e.m.c.i.e.AbstractTransferListenerAdapter - Downloading https://repo.maven.apache.org/maven2/org/apache/ws/commons/axiom/axiom-api/1.2.13/axiom-api-1.2.13.jar
2017-08-06 21:58:14,318 [Worker-33] INFO  o.e.m.c.i.e.AbstractTransferListenerAdapter - Downloaded https://repo.maven.apache.org/maven2/org/apache/ws/commons/axiom/axiom-api/1.2.13/axiom-api-1.2.13.jar
2017-08-06 21:58:14,528 [Worker-33] INFO  o.e.m.c.i.e.AbstractTransferListenerAdapter - Downloading https://repo.maven.apache.org/maven2/org/apache/geronimo/specs/geronimo-activation_1.1_spec/1.1/geronimo-activation_1.1_spec-1.1.jar
2017-08-06 21:58:14,727 [Worker-33] INFO  o.e.m.c.i.e.AbstractTransferListenerAdapter - Downloaded https://repo.maven.apache.org/maven2/org/apache/geronimo/specs/geronimo-activation_1.1_spec/1.1/geronimo-activation_1.1_spec-1.1.jar
2017-08-06 21:58:14,936 [Worker-33] INFO  o.e.m.c.i.e.AbstractTransferListenerAdapter - Downloading https://repo.maven.apache.org/maven2/org/apache/geronimo/specs/geronimo-javamail_1.4_spec/1.7.1/geronimo-javamail_1.4_spec-1.7.1.jar
2017-08-06 21:58:15,239 [Worker-33] INFO  o.e.m.c.i.e.AbstractTransferListenerAdapter - Downloaded https://repo.maven.apache.org/maven2/org/apache/geronimo/specs/geronimo-javamail_1.4_spec/1.7.1/geronimo-javamail_1.4_spec-1.7.1.jar
2017-08-06 21:58:15,551 [Worker-33] INFO  o.e.m.c.i.e.AbstractTransferListenerAdapter - Downloading https://repo.maven.apache.org/maven2/jaxen/jaxen/1.1.3/jaxen-1.1.3.jar
2017-08-06 21:58:15,854 [Worker-33] INFO  o.e.m.c.i.e.AbstractTransferListenerAdapter - Downloaded https://repo.maven.apache.org/maven2/jaxen/jaxen/1.1.3/jaxen-1.1.3.jar
2017-08-06 21:58:16,064 [Worker-33] INFO  o.e.m.c.i.e.AbstractTransferListenerAdapter - Downloading https://repo.maven.apache.org/maven2/org/apache/james/apache-mime4j-core/0.7.2/apache-mime4j-core-0.7.2.jar
2017-08-06 21:58:16,263 [Worker-33] INFO  o.e.m.c.i.e.AbstractTransferListenerAdapter - Downloaded https://repo.maven.apache.org/maven2/org/apache/james/apache-mime4j-core/0.7.2/apache-mime4j-core-0.7.2.jar
2017-08-06 21:58:16,483 [Worker-33] WARN  o.e.m.c.i.embedder.EclipseLogger - Using platform encoding (UTF-8 actually) to copy filtered resources, i.e. build is platform dependent!
2017-08-06 21:58:16,485 [Worker-33] INFO  o.e.m.c.i.embedder.EclipseLogger - Copying 0 resource
2017-08-06 21:58:16,485 [Worker-33] INFO  o.e.m.c.i.embedder.EclipseLogger - Copying 0 resource
2017-08-06 21:58:16,490 [Worker-33] WARN  o.e.m.c.i.embedder.EclipseLogger - Using platform encoding (UTF-8 actually) to copy filtered resources, i.e. build is platform dependent!
2017-08-06 21:58:16,491 [Worker-33] INFO  o.e.m.c.i.embedder.EclipseLogger - Copying 0 resource
2017-08-06 21:58:17,649 [Worker-37] WARN  o.e.m.c.i.embedder.EclipseLogger - Using platform encoding (UTF-8 actually) to copy filtered resources, i.e. build is platform dependent!
2017-08-06 21:58:17,650 [Worker-37] INFO  o.e.m.c.i.embedder.EclipseLogger - Copying 2 resources
2017-08-06 21:58:17,662 [Worker-37] INFO  o.e.m.c.i.embedder.EclipseLogger - Copying 571 resources
2017-08-06 21:58:17,712 [Worker-37] WARN  o.e.m.c.i.embedder.EclipseLogger - Using platform encoding (UTF-8 actually) to copy filtered resources, i.e. build is platform dependent!
2017-08-06 21:58:17,712 [Worker-37] INFO  o.e.m.c.i.embedder.EclipseLogger - Copying 0 resource
2017-08-06 22:02:06,759 [main] INFO  o.e.m2e.actions.ExecutePomAction - Creating new launch configuration
2017-08-06 22:02:34,618 [Worker-39] INFO  o.e.m.i.launch.MavenLaunchDelegate - /home/gayantha/Documents/git/Axis2-Project/HighScoresService
2017-08-06 22:02:34,618 [Worker-39] INFO  o.e.m.i.launch.MavenLaunchDelegate -  mvn  -B eclipse:eclipse
2017-08-06 22:03:05,125 [Worker-42] WARN  o.e.m.c.i.embedder.EclipseLogger - Using platform encoding (UTF-8 actually) to copy filtered resources, i.e. build is platform dependent!
2017-08-06 22:03:05,125 [Worker-42] INFO  o.e.m.c.i.embedder.EclipseLogger - Copying 2 resources
2017-08-06 22:03:05,135 [Worker-42] INFO  o.e.m.c.i.embedder.EclipseLogger - Copying 744 resources
2017-08-06 22:03:05,144 [Worker-42] WARN  o.e.m.c.i.embedder.EclipseLogger - Using platform encoding (UTF-8 actually) to copy filtered resources, i.e. build is platform dependent!
2017-08-06 22:03:05,145 [Worker-42] INFO  o.e.m.c.i.embedder.EclipseLogger - Copying 0 resource
2017-08-06 22:07:59,807 [Worker-40] WARN  o.e.m.c.i.embedder.EclipseLogger - Using platform encoding (UTF-8 actually) to copy filtered resources, i.e. build is platform dependent!
2017-08-06 22:07:59,807 [Worker-40] INFO  o.e.m.c.i.embedder.EclipseLogger - Copying 2 resources
2017-08-06 22:07:59,814 [Worker-40] INFO  o.e.m.c.i.embedder.EclipseLogger - Copying 744 resources
2017-08-06 22:07:59,828 [Worker-40] WARN  o.e.m.c.i.embedder.EclipseLogger - Using platform encoding (UTF-8 actually) to copy filtered resources, i.e. build is platform dependent!
2017-08-06 22:07:59,828 [Worker-40] INFO  o.e.m.c.i.embedder.EclipseLogger - Copying 0 resource
2017-08-06 22:08:52,262 [Worker-46] WARN  o.e.m.c.i.embedder.EclipseLogger - Using platform encoding (UTF-8 actually) to copy filtered resources, i.e. build is platform dependent!
2017-08-06 22:08:52,263 [Worker-46] INFO  o.e.m.c.i.embedder.EclipseLogger - Copying 2 resources
2017-08-06 22:08:52,271 [Worker-46] INFO  o.e.m.c.i.embedder.EclipseLogger - Copying 744 resources
2017-08-06 22:08:52,280 [Worker-46] WARN  o.e.m.c.i.embedder.EclipseLogger - Using platform encoding (UTF-8 actually) to copy filtered resources, i.e. build is platform dependent!
2017-08-06 22:08:52,281 [Worker-46] INFO  o.e.m.c.i.embedder.EclipseLogger - Copying 0 resource
2017-08-06 22:09:41,822 [Worker-42] WARN  o.e.m.c.i.embedder.EclipseLogger - Using platform encoding (UTF-8 actually) to copy filtered resources, i.e. build is platform dependent!
2017-08-06 22:09:41,823 [Worker-42] INFO  o.e.m.c.i.embedder.EclipseLogger - Copying 2 resources
2017-08-06 22:09:41,831 [Worker-42] INFO  o.e.m.c.i.embedder.EclipseLogger - Copying 744 resources
2017-08-06 22:09:41,840 [Worker-42] WARN  o.e.m.c.i.embedder.EclipseLogger - Using platform encoding (UTF-8 actually) to copy filtered resources, i.e. build is platform dependent!
2017-08-06 22:09:41,841 [Worker-42] INFO  o.e.m.c.i.embedder.EclipseLogger - Copying 0 resource
2017-08-06 22:11:40,905 [Worker-46] WARN  o.e.m.c.i.embedder.EclipseLogger - Using platform encoding (UTF-8 actually) to copy filtered resources, i.e. build is platform dependent!
2017-08-06 22:11:40,906 [Worker-46] INFO  o.e.m.c.i.embedder.EclipseLogger - Copying 2 resources
2017-08-06 22:11:40,915 [Worker-46] INFO  o.e.m.c.i.embedder.EclipseLogger - Copying 744 resources
2017-08-06 22:11:40,933 [Worker-46] WARN  o.e.m.c.i.embedder.EclipseLogger - Using platform encoding (UTF-8 actually) to copy filtered resources, i.e. build is platform dependent!
2017-08-06 22:11:40,934 [Worker-46] INFO  o.e.m.c.i.embedder.EclipseLogger - Copying 0 resource
2017-08-06 22:11:51,730 [Worker-40] WARN  o.e.m.c.i.embedder.EclipseLogger - Using platform encoding (UTF-8 actually) to copy filtered resources, i.e. build is platform dependent!
2017-08-06 22:11:51,731 [Worker-40] INFO  o.e.m.c.i.embedder.EclipseLogger - Copying 2 resources
2017-08-06 22:11:51,749 [Worker-40] INFO  o.e.m.c.i.embedder.EclipseLogger - Copying 744 resources
2017-08-06 22:11:51,761 [Worker-40] WARN  o.e.m.c.i.embedder.EclipseLogger - Using platform encoding (UTF-8 actually) to copy filtered resources, i.e. build is platform dependent!
2017-08-06 22:11:51,761 [Worker-40] INFO  o.e.m.c.i.embedder.EclipseLogger - Copying 0 resource
2017-08-06 22:12:16,949 [Worker-48] WARN  o.e.m.c.i.embedder.EclipseLogger - Using platform encoding (UTF-8 actually) to copy filtered resources, i.e. build is platform dependent!
2017-08-06 22:12:16,949 [Worker-48] INFO  o.e.m.c.i.embedder.EclipseLogger - Copying 2 resources
2017-08-06 22:12:16,956 [Worker-48] INFO  o.e.m.c.i.embedder.EclipseLogger - Copying 744 resources
2017-08-06 22:12:16,979 [Worker-48] WARN  o.e.m.c.i.embedder.EclipseLogger - Using platform encoding (UTF-8 actually) to copy filtered resources, i.e. build is platform dependent!
2017-08-06 22:12:16,980 [Worker-48] INFO  o.e.m.c.i.embedder.EclipseLogger - Copying 0 resource
2017-08-06 22:17:38,993 [Worker-40] INFO  o.e.m.c.i.e.AbstractTransferListenerAdapter - Downloading https://repo.maven.apache.org/maven2/org/apache/axis2/axis2-aar-maven-plugin/maven-metadata.xml
2017-08-06 22:17:39,271 [Worker-40] INFO  o.e.m.c.i.e.AbstractTransferListenerAdapter - Downloaded https://repo.maven.apache.org/maven2/org/apache/axis2/axis2-aar-maven-plugin/maven-metadata.xml
2017-08-06 22:17:39,530 [Worker-40] INFO  o.e.m.c.i.e.AbstractTransferListenerAdapter - Downloading https://repo.maven.apache.org/maven2/org/apache/axis2/axis2-aar-maven-plugin/1.7.6/axis2-aar-maven-plugin-1.7.6.pom
2017-08-06 22:17:39,782 [Worker-40] INFO  o.e.m.c.i.e.AbstractTransferListenerAdapter - Downloaded https://repo.maven.apache.org/maven2/org/apache/axis2/axis2-aar-maven-plugin/1.7.6/axis2-aar-maven-plugin-1.7.6.pom
2017-08-06 22:17:40,051 [Worker-40] INFO  o.e.m.c.i.e.AbstractTransferListenerAdapter - Downloading https://repo.maven.apache.org/maven2/org/apache/axis2/axis2-aar-maven-plugin/1.7.6/axis2-aar-maven-plugin-1.7.6.jar
2017-08-06 22:17:40,471 [Worker-40] INFO  o.e.m.c.i.e.AbstractTransferListenerAdapter - Downloaded https://repo.maven.apache.org/maven2/org/apache/axis2/axis2-aar-maven-plugin/1.7.6/axis2-aar-maven-plugin-1.7.6.jar
2017-08-06 22:17:40,640 [Worker-40] INFO  o.e.m.c.i.l.LifecycleMappingFactory - Using org.eclipse.m2e.jdt.JarLifecycleMapping lifecycle mapping for MavenProject: com.itcuties.service:HighScoresService:0.0.1-SNAPSHOT @ /home/gayantha/Documents/git/Axis2-Project/HighScoresService/pom.xml.
2017-08-06 22:17:40,770 [Worker-40] WARN  o.e.m.c.i.embedder.EclipseLogger - Using platform encoding (UTF-8 actually) to copy filtered resources, i.e. build is platform dependent!
2017-08-06 22:17:40,771 [Worker-40] INFO  o.e.m.c.i.embedder.EclipseLogger - Copying 0 resource
2017-08-06 22:17:40,771 [Worker-40] INFO  o.e.m.c.i.embedder.EclipseLogger - Copying 0 resource
2017-08-06 22:17:40,773 [Worker-40] WARN  o.e.m.c.i.embedder.EclipseLogger - Using platform encoding (UTF-8 actually) to copy filtered resources, i.e. build is platform dependent!
2017-08-06 22:17:40,773 [Worker-40] INFO  o.e.m.c.i.embedder.EclipseLogger - Copying 0 resource
2017-08-06 22:22:16,805 [ModalContext] INFO  o.e.m.c.i.e.AbstractTransferListenerAdapter - Downloading https://repo.maven.apache.org/maven2/org/apache/maven/maven-plugin-api/3.0.5/maven-plugin-api-3.0.5.pom
2017-08-06 22:22:17,009 [ModalContext] INFO  o.e.m.c.i.e.AbstractTransferListenerAdapter - Downloaded https://repo.maven.apache.org/maven2/org/apache/maven/maven-plugin-api/3.0.5/maven-plugin-api-3.0.5.pom
2017-08-06 22:22:17,216 [ModalContext] INFO  o.e.m.c.i.e.AbstractTransferListenerAdapter - Downloading https://repo.maven.apache.org/maven2/org/apache/maven/maven/3.0.5/maven-3.0.5.pom
2017-08-06 22:22:17,419 [ModalContext] INFO  o.e.m.c.i.e.AbstractTransferListenerAdapter - Downloaded https://repo.maven.apache.org/maven2/org/apache/maven/maven/3.0.5/maven-3.0.5.pom
2017-08-06 22:22:17,727 [ModalContext] INFO  o.e.m.c.i.e.AbstractTransferListenerAdapter - Downloading https://repo.maven.apache.org/maven2/org/apache/maven/maven-model/3.0.5/maven-model-3.0.5.pom
2017-08-06 22:22:17,931 [ModalContext] INFO  o.e.m.c.i.e.AbstractTransferListenerAdapter - Downloaded https://repo.maven.apache.org/maven2/org/apache/maven/maven-model/3.0.5/maven-model-3.0.5.pom
2017-08-06 22:22:18,136 [ModalContext] INFO  o.e.m.c.i.e.AbstractTransferListenerAdapter - Downloading https://repo.maven.apache.org/maven2/org/apache/maven/maven-artifact/3.0.5/maven-artifact-3.0.5.pom
2017-08-06 22:22:18,340 [ModalContext] INFO  o.e.m.c.i.e.AbstractTransferListenerAdapter - Downloaded https://repo.maven.apache.org/maven2/org/apache/maven/maven-artifact/3.0.5/maven-artifact-3.0.5.pom
2017-08-06 22:22:18,546 [ModalContext] INFO  o.e.m.c.i.e.AbstractTransferListenerAdapter - Downloading https://repo.maven.apache.org/maven2/org/sonatype/sisu/sisu-inject-plexus/2.3.0/sisu-inject-plexus-2.3.0.pom
2017-08-06 22:22:18,750 [ModalContext] INFO  o.e.m.c.i.e.AbstractTransferListenerAdapter - Downloaded https://repo.maven.apache.org/maven2/org/sonatype/sisu/sisu-inject-plexus/2.3.0/sisu-inject-plexus-2.3.0.pom
2017-08-06 22:22:18,955 [ModalContext] INFO  o.e.m.c.i.e.AbstractTransferListenerAdapter - Downloading https://repo.maven.apache.org/maven2/org/sonatype/sisu/inject/guice-plexus/2.3.0/guice-plexus-2.3.0.pom
2017-08-06 22:22:19,159 [ModalContext] INFO  o.e.m.c.i.e.AbstractTransferListenerAdapter - Downloaded https://repo.maven.apache.org/maven2/org/sonatype/sisu/inject/guice-plexus/2.3.0/guice-plexus-2.3.0.pom
2017-08-06 22:22:19,365 [ModalContext] INFO  o.e.m.c.i.e.AbstractTransferListenerAdapter - Downloading https://repo.maven.apache.org/maven2/org/sonatype/sisu/inject/guice-bean/2.3.0/guice-bean-2.3.0.pom
2017-08-06 22:22:19,569 [ModalContext] INFO  o.e.m.c.i.e.AbstractTransferListenerAdapter - Downloaded https://repo.maven.apache.org/maven2/org/sonatype/sisu/inject/guice-bean/2.3.0/guice-bean-2.3.0.pom
2017-08-06 22:22:19,774 [ModalContext] INFO  o.e.m.c.i.e.AbstractTransferListenerAdapter - Downloading https://repo.maven.apache.org/maven2/org/sonatype/sisu/inject/containers/2.3.0/containers-2.3.0.pom
2017-08-06 22:22:19,979 [ModalContext] INFO  o.e.m.c.i.e.AbstractTransferListenerAdapter - Downloaded https://repo.maven.apache.org/maven2/org/sonatype/sisu/inject/containers/2.3.0/containers-2.3.0.pom
2017-08-06 22:22:20,184 [ModalContext] INFO  o.e.m.c.i.e.AbstractTransferListenerAdapter - Downloading https://repo.maven.apache.org/maven2/org/sonatype/sisu/sisu-inject/2.3.0/sisu-inject-2.3.0.pom
2017-08-06 22:22:20,389 [ModalContext] INFO  o.e.m.c.i.e.AbstractTransferListenerAdapter - Downloaded https://repo.maven.apache.org/maven2/org/sonatype/sisu/sisu-inject/2.3.0/sisu-inject-2.3.0.pom
2017-08-06 22:22:20,595 [ModalContext] INFO  o.e.m.c.i.e.AbstractTransferListenerAdapter - Downloading https://repo.maven.apache.org/maven2/org/sonatype/sisu/sisu-parent/2.3.0/sisu-parent-2.3.0.pom
2017-08-06 22:22:20,798 [ModalContext] INFO  o.e.m.c.i.e.AbstractTransferListenerAdapter - Downloaded https://repo.maven.apache.org/maven2/org/sonatype/sisu/sisu-parent/2.3.0/sisu-parent-2.3.0.pom
2017-08-06 22:22:21,208 [ModalContext] INFO  o.e.m.c.i.e.AbstractTransferListenerAdapter - Downloading https://repo.maven.apache.org/maven2/org/sonatype/sisu/sisu-inject-bean/2.3.0/sisu-inject-bean-2.3.0.pom
2017-08-06 22:22:21,412 [ModalContext] INFO  o.e.m.c.i.e.AbstractTransferListenerAdapter - Downloaded https://repo.maven.apache.org/maven2/org/sonatype/sisu/sisu-inject-bean/2.3.0/sisu-inject-bean-2.3.0.pom
2017-08-06 22:22:22,027 [ModalContext] INFO  o.e.m.c.i.e.AbstractTransferListenerAdapter - Downloading https://repo.maven.apache.org/maven2/org/sonatype/sisu/sisu-guava/0.9.9/sisu-guava-0.9.9.pom
2017-08-06 22:22:22,231 [ModalContext] INFO  o.e.m.c.i.e.AbstractTransferListenerAdapter - Downloaded https://repo.maven.apache.org/maven2/org/sonatype/sisu/sisu-guava/0.9.9/sisu-guava-0.9.9.pom
2017-08-06 22:22:22,438 [ModalContext] INFO  o.e.m.c.i.e.AbstractTransferListenerAdapter - Downloading https://repo.maven.apache.org/maven2/org/sonatype/sisu/inject/guava-parent/0.9.9/guava-parent-0.9.9.pom
2017-08-06 22:22:22,641 [ModalContext] INFO  o.e.m.c.i.e.AbstractTransferListenerAdapter - Downloaded https://repo.maven.apache.org/maven2/org/sonatype/sisu/inject/guava-parent/0.9.9/guava-parent-0.9.9.pom
2017-08-06 22:22:22,846 [ModalContext] INFO  o.e.m.c.i.e.AbstractTransferListenerAdapter - Downloading https://repo.maven.apache.org/maven2/org/sonatype/sisu/inject/guice-bean-containers/2.3.0/guice-bean-containers-2.3.0.pom
2017-08-06 22:22:23,052 [ModalContext] INFO  o.e.m.c.i.e.AbstractTransferListenerAdapter - Downloaded https://repo.maven.apache.org/maven2/org/sonatype/sisu/inject/guice-bean-containers/2.3.0/guice-bean-containers-2.3.0.pom
2017-08-06 22:22:23,869 [ModalContext] INFO  o.e.m.c.i.e.AbstractTransferListenerAdapter - Downloading https://repo.maven.apache.org/maven2/org/sonatype/sisu/inject/guice-bean-reflect/2.3.0/guice-bean-reflect-2.3.0.pom
2017-08-06 22:22:24,075 [ModalContext] INFO  o.e.m.c.i.e.AbstractTransferListenerAdapter - Downloaded https://repo.maven.apache.org/maven2/org/sonatype/sisu/inject/guice-bean-reflect/2.3.0/guice-bean-reflect-2.3.0.pom
2017-08-06 22:22:24,279 [ModalContext] INFO  o.e.m.c.i.e.AbstractTransferListenerAdapter - Downloading https://repo.maven.apache.org/maven2/org/sonatype/sisu/inject/guice-bean-inject/2.3.0/guice-bean-inject-2.3.0.pom
2017-08-06 22:22:24,485 [ModalContext] INFO  o.e.m.c.i.e.AbstractTransferListenerAdapter - Downloaded https://repo.maven.apache.org/maven2/org/sonatype/sisu/inject/guice-bean-inject/2.3.0/guice-bean-inject-2.3.0.pom
2017-08-06 22:22:24,657 [ModalContext] INFO  o.e.m.c.i.e.AbstractTransferListenerAdapter - Downloading https://repo.maven.apache.org/maven2/org/sonatype/sisu/inject/guice-bean-locators/2.3.0/guice-bean-locators-2.3.0.pom
2017-08-06 22:22:24,894 [ModalContext] INFO  o.e.m.c.i.e.AbstractTransferListenerAdapter - Downloaded https://repo.maven.apache.org/maven2/org/sonatype/sisu/inject/guice-bean-locators/2.3.0/guice-bean-locators-2.3.0.pom
2017-08-06 22:22:25,099 [ModalContext] INFO  o.e.m.c.i.e.AbstractTransferListenerAdapter - Downloading https://repo.maven.apache.org/maven2/org/sonatype/sisu/inject/guice-bean-binders/2.3.0/guice-bean-binders-2.3.0.pom
2017-08-06 22:22:25,303 [ModalContext] INFO  o.e.m.c.i.e.AbstractTransferListenerAdapter - Downloaded https://repo.maven.apache.org/maven2/org/sonatype/sisu/inject/guice-bean-binders/2.3.0/guice-bean-binders-2.3.0.pom
2017-08-06 22:22:26,532 [ModalContext] INFO  o.e.m.c.i.e.AbstractTransferListenerAdapter - Downloading https://repo.maven.apache.org/maven2/org/sonatype/sisu/inject/guice-bean-scanners/2.3.0/guice-bean-scanners-2.3.0.pom
2017-08-06 22:22:26,737 [ModalContext] INFO  o.e.m.c.i.e.AbstractTransferListenerAdapter - Downloaded https://repo.maven.apache.org/maven2/org/sonatype/sisu/inject/guice-bean-scanners/2.3.0/guice-bean-scanners-2.3.0.pom
2017-08-06 22:22:26,942 [ModalContext] INFO  o.e.m.c.i.e.AbstractTransferListenerAdapter - Downloading https://repo.maven.apache.org/maven2/org/sonatype/sisu/inject/guice-bean-converters/2.3.0/guice-bean-converters-2.3.0.pom
2017-08-06 22:22:27,114 [ModalContext] INFO  o.e.m.c.i.e.AbstractTransferListenerAdapter - Downloaded https://repo.maven.apache.org/maven2/org/sonatype/sisu/inject/guice-bean-converters/2.3.0/guice-bean-converters-2.3.0.pom
2017-08-06 22:22:27,352 [ModalContext] INFO  o.e.m.c.i.e.AbstractTransferListenerAdapter - Downloading https://repo.maven.apache.org/maven2/org/sonatype/sisu/inject/guice-plexus-shim/2.3.0/guice-plexus-shim-2.3.0.pom
2017-08-06 22:22:27,556 [ModalContext] INFO  o.e.m.c.i.e.AbstractTransferListenerAdapter - Downloaded https://repo.maven.apache.org/maven2/org/sonatype/sisu/inject/guice-plexus-shim/2.3.0/guice-plexus-shim-2.3.0.pom
2017-08-06 22:22:27,761 [ModalContext] INFO  o.e.m.c.i.e.AbstractTransferListenerAdapter - Downloading https://repo.maven.apache.org/maven2/org/sonatype/sisu/inject/guice-plexus-metadata/2.3.0/guice-plexus-metadata-2.3.0.pom
2017-08-06 22:22:27,966 [ModalContext] INFO  o.e.m.c.i.e.AbstractTransferListenerAdapter - Downloaded https://repo.maven.apache.org/maven2/org/sonatype/sisu/inject/guice-plexus-metadata/2.3.0/guice-plexus-metadata-2.3.0.pom
2017-08-06 22:22:28,273 [ModalContext] INFO  o.e.m.c.i.e.AbstractTransferListenerAdapter - Downloading https://repo.maven.apache.org/maven2/org/sonatype/sisu/inject/guice-plexus-converters/2.3.0/guice-plexus-converters-2.3.0.pom
2017-08-06 22:22:28,478 [ModalContext] INFO  o.e.m.c.i.e.AbstractTransferListenerAdapter - Downloaded https://repo.maven.apache.org/maven2/org/sonatype/sisu/inject/guice-plexus-converters/2.3.0/guice-plexus-converters-2.3.0.pom
2017-08-06 22:22:28,683 [ModalContext] INFO  o.e.m.c.i.e.AbstractTransferListenerAdapter - Downloading https://repo.maven.apache.org/maven2/org/sonatype/sisu/inject/guice-plexus-locators/2.3.0/guice-plexus-locators-2.3.0.pom
2017-08-06 22:22:28,887 [ModalContext] INFO  o.e.m.c.i.e.AbstractTransferListenerAdapter - Downloaded https://repo.maven.apache.org/maven2/org/sonatype/sisu/inject/guice-plexus-locators/2.3.0/guice-plexus-locators-2.3.0.pom
2017-08-06 22:22:29,092 [ModalContext] INFO  o.e.m.c.i.e.AbstractTransferListenerAdapter - Downloading https://repo.maven.apache.org/maven2/org/sonatype/sisu/inject/guice-plexus-binders/2.3.0/guice-plexus-binders-2.3.0.pom
2017-08-06 22:22:29,297 [ModalContext] INFO  o.e.m.c.i.e.AbstractTransferListenerAdapter - Downloaded https://repo.maven.apache.org/maven2/org/sonatype/sisu/inject/guice-plexus-binders/2.3.0/guice-plexus-binders-2.3.0.pom
2017-08-06 22:22:29,501 [ModalContext] INFO  o.e.m.c.i.e.AbstractTransferListenerAdapter - Downloading https://repo.maven.apache.org/maven2/org/sonatype/sisu/inject/guice-plexus-scanners/2.3.0/guice-plexus-scanners-2.3.0.pom
2017-08-06 22:22:29,675 [ModalContext] INFO  o.e.m.c.i.e.AbstractTransferListenerAdapter - Downloaded https://repo.maven.apache.org/maven2/org/sonatype/sisu/inject/guice-plexus-scanners/2.3.0/guice-plexus-scanners-2.3.0.pom
2017-08-06 22:22:29,912 [ModalContext] INFO  o.e.m.c.i.e.AbstractTransferListenerAdapter - Downloading https://repo.maven.apache.org/maven2/org/sonatype/sisu/inject/guice-plexus-lifecycles/2.3.0/guice-plexus-lifecycles-2.3.0.pom
2017-08-06 22:22:30,116 [ModalContext] INFO  o.e.m.c.i.e.AbstractTransferListenerAdapter - Downloaded https://repo.maven.apache.org/maven2/org/sonatype/sisu/inject/guice-plexus-lifecycles/2.3.0/guice-plexus-lifecycles-2.3.0.pom
2017-08-06 22:22:30,629 [ModalContext] INFO  o.e.m.c.i.e.AbstractTransferListenerAdapter - Downloading https://repo.maven.apache.org/maven2/org/apache/maven/maven-core/3.0.5/maven-core-3.0.5.pom
2017-08-06 22:22:30,834 [ModalContext] INFO  o.e.m.c.i.e.AbstractTransferListenerAdapter - Downloaded https://repo.maven.apache.org/maven2/org/apache/maven/maven-core/3.0.5/maven-core-3.0.5.pom
2017-08-06 22:22:31,038 [ModalContext] INFO  o.e.m.c.i.e.AbstractTransferListenerAdapter - Downloading https://repo.maven.apache.org/maven2/org/apache/maven/maven-settings/3.0.5/maven-settings-3.0.5.pom
2017-08-06 22:22:31,243 [ModalContext] INFO  o.e.m.c.i.e.AbstractTransferListenerAdapter - Downloaded https://repo.maven.apache.org/maven2/org/apache/maven/maven-settings/3.0.5/maven-settings-3.0.5.pom
2017-08-06 22:22:31,448 [ModalContext] INFO  o.e.m.c.i.e.AbstractTransferListenerAdapter - Downloading https://repo.maven.apache.org/maven2/org/apache/maven/maven-settings-builder/3.0.5/maven-settings-builder-3.0.5.pom
2017-08-06 22:22:31,652 [ModalContext] INFO  o.e.m.c.i.e.AbstractTransferListenerAdapter - Downloaded https://repo.maven.apache.org/maven2/org/apache/maven/maven-settings-builder/3.0.5/maven-settings-builder-3.0.5.pom
2017-08-06 22:22:31,960 [ModalContext] INFO  o.e.m.c.i.e.AbstractTransferListenerAdapter - Downloading https://repo.maven.apache.org/maven2/org/apache/maven/maven-repository-metadata/3.0.5/maven-repository-metadata-3.0.5.pom
2017-08-06 22:22:32,164 [ModalContext] INFO  o.e.m.c.i.e.AbstractTransferListenerAdapter - Downloaded https://repo.maven.apache.org/maven2/org/apache/maven/maven-repository-metadata/3.0.5/maven-repository-metadata-3.0.5.pom
2017-08-06 22:22:32,369 [ModalContext] INFO  o.e.m.c.i.e.AbstractTransferListenerAdapter - Downloading https://repo.maven.apache.org/maven2/org/apache/maven/maven-model-builder/3.0.5/maven-model-builder-3.0.5.pom
2017-08-06 22:22:32,574 [ModalContext] INFO  o.e.m.c.i.e.AbstractTransferListenerAdapter - Downloaded https://repo.maven.apache.org/maven2/org/apache/maven/maven-model-builder/3.0.5/maven-model-builder-3.0.5.pom
2017-08-06 22:22:32,925 [ModalContext] INFO  o.e.m.c.i.e.AbstractTransferListenerAdapter - Downloading https://repo.maven.apache.org/maven2/org/apache/maven/maven-aether-provider/3.0.5/maven-aether-provider-3.0.5.pom
2017-08-06 22:22:33,134 [ModalContext] INFO  o.e.m.c.i.e.AbstractTransferListenerAdapter - Downloaded https://repo.maven.apache.org/maven2/org/apache/maven/maven-aether-provider/3.0.5/maven-aether-provider-3.0.5.pom
2017-08-06 22:22:34,418 [ModalContext] INFO  o.e.m.c.i.e.AbstractTransferListenerAdapter - Downloading https://repo.maven.apache.org/maven2/org/apache/maven/maven-archiver/3.0.2/maven-archiver-3.0.2.pom
2017-08-06 22:22:34,622 [ModalContext] INFO  o.e.m.c.i.e.AbstractTransferListenerAdapter - Downloaded https://repo.maven.apache.org/maven2/org/apache/maven/maven-archiver/3.0.2/maven-archiver-3.0.2.pom
2017-08-06 22:22:35,134 [ModalContext] INFO  o.e.m.c.i.e.AbstractTransferListenerAdapter - Downloading https://repo.maven.apache.org/maven2/org/codehaus/plexus/plexus-archiver/3.1.1/plexus-archiver-3.1.1.pom
2017-08-06 22:22:35,339 [ModalContext] INFO  o.e.m.c.i.e.AbstractTransferListenerAdapter - Downloaded https://repo.maven.apache.org/maven2/org/codehaus/plexus/plexus-archiver/3.1.1/plexus-archiver-3.1.1.pom
2017-08-06 22:22:35,555 [ModalContext] INFO  o.e.m.c.i.e.AbstractTransferListenerAdapter - Downloading https://repo.maven.apache.org/maven2/org/codehaus/plexus/plexus-io/2.7.1/plexus-io-2.7.1.pom
2017-08-06 22:22:35,714 [ModalContext] INFO  o.e.m.c.i.e.AbstractTransferListenerAdapter - Downloaded https://repo.maven.apache.org/maven2/org/codehaus/plexus/plexus-io/2.7.1/plexus-io-2.7.1.pom
2017-08-06 22:22:35,979 [ModalContext] INFO  o.e.m.c.i.e.AbstractTransferListenerAdapter - Downloading https://repo.maven.apache.org/maven2/org/apache/commons/commons-compress/1.10/commons-compress-1.10.pom
2017-08-06 22:22:36,159 [ModalContext] INFO  o.e.m.c.i.e.AbstractTransferListenerAdapter - Downloaded https://repo.maven.apache.org/maven2/org/apache/commons/commons-compress/1.10/commons-compress-1.10.pom
2017-08-06 22:22:36,344 [ModalContext] INFO  o.e.m.c.i.e.AbstractTransferListenerAdapter - Downloading https://repo.maven.apache.org/maven2/org/apache/commons/commons-parent/38/commons-parent-38.pom
2017-08-06 22:22:37,088 [ModalContext] INFO  o.e.m.c.i.e.AbstractTransferListenerAdapter - Downloaded https://repo.maven.apache.org/maven2/org/apache/commons/commons-parent/38/commons-parent-38.pom
2017-08-06 22:22:37,395 [ModalContext] INFO  o.e.m.c.i.e.AbstractTransferListenerAdapter - Downloading https://repo.maven.apache.org/maven2/org/iq80/snappy/snappy/0.4/snappy-0.4.pom
2017-08-06 22:22:37,591 [ModalContext] INFO  o.e.m.c.i.e.AbstractTransferListenerAdapter - Downloaded https://repo.maven.apache.org/maven2/org/iq80/snappy/snappy/0.4/snappy-0.4.pom
2017-08-06 22:22:38,108 [ModalContext] INFO  o.e.m.c.i.e.AbstractTransferListenerAdapter - Downloading https://repo.maven.apache.org/maven2/org/apache/maven/maven-plugin-api/3.0.5/maven-plugin-api-3.0.5.jar
2017-08-06 22:22:38,308 [ModalContext] INFO  o.e.m.c.i.e.AbstractTransferListenerAdapter - Downloaded https://repo.maven.apache.org/maven2/org/apache/maven/maven-plugin-api/3.0.5/maven-plugin-api-3.0.5.jar
2017-08-06 22:22:38,520 [ModalContext] INFO  o.e.m.c.i.e.AbstractTransferListenerAdapter - Downloading https://repo.maven.apache.org/maven2/org/apache/maven/maven-model/3.0.5/maven-model-3.0.5.jar
2017-08-06 22:22:39,024 [ModalContext] INFO  o.e.m.c.i.e.AbstractTransferListenerAdapter - Downloaded https://repo.maven.apache.org/maven2/org/apache/maven/maven-model/3.0.5/maven-model-3.0.5.jar
2017-08-06 22:22:39,236 [ModalContext] INFO  o.e.m.c.i.e.AbstractTransferListenerAdapter - Downloading https://repo.maven.apache.org/maven2/org/sonatype/sisu/sisu-inject-plexus/2.3.0/sisu-inject-plexus-2.3.0.jar
2017-08-06 22:22:39,640 [ModalContext] INFO  o.e.m.c.i.e.AbstractTransferListenerAdapter - Downloaded https://repo.maven.apache.org/maven2/org/sonatype/sisu/sisu-inject-plexus/2.3.0/sisu-inject-plexus-2.3.0.jar
2017-08-06 22:22:39,849 [ModalContext] INFO  o.e.m.c.i.e.AbstractTransferListenerAdapter - Downloading https://repo.maven.apache.org/maven2/org/sonatype/sisu/sisu-inject-bean/2.3.0/sisu-inject-bean-2.3.0.jar
2017-08-06 22:22:40,152 [ModalContext] INFO  o.e.m.c.i.e.AbstractTransferListenerAdapter - Downloaded https://repo.maven.apache.org/maven2/org/sonatype/sisu/sisu-inject-bean/2.3.0/sisu-inject-bean-2.3.0.jar
2017-08-06 22:22:40,566 [ModalContext] INFO  o.e.m.c.i.e.AbstractTransferListenerAdapter - Downloading https://repo.maven.apache.org/maven2/org/sonatype/sisu/sisu-guava/0.9.9/sisu-guava-0.9.9.jar
2017-08-06 22:22:41,333 [ModalContext] INFO  o.e.m.c.i.e.AbstractTransferListenerAdapter - Downloaded https://repo.maven.apache.org/maven2/org/sonatype/sisu/sisu-guava/0.9.9/sisu-guava-0.9.9.jar
2017-08-06 22:22:41,499 [ModalContext] INFO  o.e.m.c.i.e.AbstractTransferListenerAdapter - Downloading https://repo.maven.apache.org/maven2/org/sonatype/sisu/inject/guice-bean-containers/2.3.0/guice-bean-containers-2.3.0.jar
2017-08-06 22:22:41,688 [ModalContext] INFO  o.e.m.c.i.e.AbstractTransferListenerAdapter - Downloaded https://repo.maven.apache.org/maven2/org/sonatype/sisu/inject/guice-bean-containers/2.3.0/guice-bean-containers-2.3.0.jar
2017-08-06 22:22:41,893 [ModalContext] INFO  o.e.m.c.i.e.AbstractTransferListenerAdapter - Downloading https://repo.maven.apache.org/maven2/org/sonatype/sisu/inject/guice-bean-inject/2.3.0/guice-bean-inject-2.3.0.jar
2017-08-06 22:22:42,097 [ModalContext] INFO  o.e.m.c.i.e.AbstractTransferListenerAdapter - Downloaded https://repo.maven.apache.org/maven2/org/sonatype/sisu/inject/guice-bean-inject/2.3.0/guice-bean-inject-2.3.0.jar
2017-08-06 22:22:42,302 [ModalContext] INFO  o.e.m.c.i.e.AbstractTransferListenerAdapter - Downloading https://repo.maven.apache.org/maven2/org/sonatype/sisu/inject/guice-plexus-shim/2.3.0/guice-plexus-shim-2.3.0.jar
2017-08-06 22:22:42,609 [ModalContext] INFO  o.e.m.c.i.e.AbstractTransferListenerAdapter - Downloaded https://repo.maven.apache.org/maven2/org/sonatype/sisu/inject/guice-plexus-shim/2.3.0/guice-plexus-shim-2.3.0.jar
2017-08-06 22:22:43,019 [ModalContext] INFO  o.e.m.c.i.e.AbstractTransferListenerAdapter - Downloading https://repo.maven.apache.org/maven2/org/sonatype/sisu/sisu-guice/3.1.0/sisu-guice-3.1.0.jar
2017-08-06 22:22:43,428 [ModalContext] INFO  o.e.m.c.i.e.AbstractTransferListenerAdapter - Downloaded https://repo.maven.apache.org/maven2/org/sonatype/sisu/sisu-guice/3.1.0/sisu-guice-3.1.0.jar
2017-08-06 22:22:43,837 [ModalContext] INFO  o.e.m.c.i.e.AbstractTransferListenerAdapter - Downloading https://repo.maven.apache.org/maven2/org/sonatype/sisu/inject/guice-bean-reflect/2.3.0/guice-bean-reflect-2.3.0.jar
2017-08-06 22:22:44,043 [ModalContext] INFO  o.e.m.c.i.e.AbstractTransferListenerAdapter - Downloaded https://repo.maven.apache.org/maven2/org/sonatype/sisu/inject/guice-bean-reflect/2.3.0/guice-bean-reflect-2.3.0.jar
2017-08-06 22:22:44,252 [ModalContext] INFO  o.e.m.c.i.e.AbstractTransferListenerAdapter - Downloading https://repo.maven.apache.org/maven2/org/sonatype/sisu/inject/guice-bean-locators/2.3.0/guice-bean-locators-2.3.0.jar
2017-08-06 22:22:44,452 [ModalContext] INFO  o.e.m.c.i.e.AbstractTransferListenerAdapter - Downloaded https://repo.maven.apache.org/maven2/org/sonatype/sisu/inject/guice-bean-locators/2.3.0/guice-bean-locators-2.3.0.jar
2017-08-06 22:22:44,665 [ModalContext] INFO  o.e.m.c.i.e.AbstractTransferListenerAdapter - Downloading https://repo.maven.apache.org/maven2/org/sonatype/sisu/inject/guice-bean-binders/2.3.0/guice-bean-binders-2.3.0.jar
2017-08-06 22:22:44,862 [ModalContext] INFO  o.e.m.c.i.e.AbstractTransferListenerAdapter - Downloaded https://repo.maven.apache.org/maven2/org/sonatype/sisu/inject/guice-bean-binders/2.3.0/guice-bean-binders-2.3.0.jar
2017-08-06 22:22:45,476 [ModalContext] INFO  o.e.m.c.i.e.AbstractTransferListenerAdapter - Downloading https://repo.maven.apache.org/maven2/org/sonatype/sisu/inject/guice-bean-scanners/2.3.0/guice-bean-scanners-2.3.0.jar
2017-08-06 22:22:45,681 [ModalContext] INFO  o.e.m.c.i.e.AbstractTransferListenerAdapter - Downloaded https://repo.maven.apache.org/maven2/org/sonatype/sisu/inject/guice-bean-scanners/2.3.0/guice-bean-scanners-2.3.0.jar
2017-08-06 22:22:45,885 [ModalContext] INFO  o.e.m.c.i.e.AbstractTransferListenerAdapter - Downloading https://repo.maven.apache.org/maven2/org/sonatype/sisu/inject/guice-bean-converters/2.3.0/guice-bean-converters-2.3.0.jar
2017-08-06 22:22:46,091 [ModalContext] INFO  o.e.m.c.i.e.AbstractTransferListenerAdapter - Downloaded https://repo.maven.apache.org/maven2/org/sonatype/sisu/inject/guice-bean-converters/2.3.0/guice-bean-converters-2.3.0.jar
2017-08-06 22:22:46,297 [ModalContext] INFO  o.e.m.c.i.e.AbstractTransferListenerAdapter - Downloading https://repo.maven.apache.org/maven2/org/sonatype/sisu/inject/guice-plexus-metadata/2.3.0/guice-plexus-metadata-2.3.0.jar
2017-08-06 22:22:46,500 [ModalContext] INFO  o.e.m.c.i.e.AbstractTransferListenerAdapter - Downloaded https://repo.maven.apache.org/maven2/org/sonatype/sisu/inject/guice-plexus-metadata/2.3.0/guice-plexus-metadata-2.3.0.jar
2017-08-06 22:22:46,706 [ModalContext] INFO  o.e.m.c.i.e.AbstractTransferListenerAdapter - Downloading https://repo.maven.apache.org/maven2/org/sonatype/sisu/inject/guice-plexus-converters/2.3.0/guice-plexus-converters-2.3.0.jar
2017-08-06 22:22:46,910 [ModalContext] INFO  o.e.m.c.i.e.AbstractTransferListenerAdapter - Downloaded https://repo.maven.apache.org/maven2/org/sonatype/sisu/inject/guice-plexus-converters/2.3.0/guice-plexus-converters-2.3.0.jar
2017-08-06 22:22:47,116 [ModalContext] INFO  o.e.m.c.i.e.AbstractTransferListenerAdapter - Downloading https://repo.maven.apache.org/maven2/org/sonatype/sisu/inject/guice-plexus-locators/2.3.0/guice-plexus-locators-2.3.0.jar
2017-08-06 22:22:47,320 [ModalContext] INFO  o.e.m.c.i.e.AbstractTransferListenerAdapter - Downloaded https://repo.maven.apache.org/maven2/org/sonatype/sisu/inject/guice-plexus-locators/2.3.0/guice-plexus-locators-2.3.0.jar
2017-08-06 22:22:47,527 [ModalContext] INFO  o.e.m.c.i.e.AbstractTransferListenerAdapter - Downloading https://repo.maven.apache.org/maven2/org/sonatype/sisu/inject/guice-plexus-binders/2.3.0/guice-plexus-binders-2.3.0.jar
2017-08-06 22:22:47,729 [ModalContext] INFO  o.e.m.c.i.e.AbstractTransferListenerAdapter - Downloaded https://repo.maven.apache.org/maven2/org/sonatype/sisu/inject/guice-plexus-binders/2.3.0/guice-plexus-binders-2.3.0.jar
2017-08-06 22:22:47,936 [ModalContext] INFO  o.e.m.c.i.e.AbstractTransferListenerAdapter - Downloading https://repo.maven.apache.org/maven2/org/sonatype/sisu/inject/guice-plexus-scanners/2.3.0/guice-plexus-scanners-2.3.0.jar
2017-08-06 22:22:48,139 [ModalContext] INFO  o.e.m.c.i.e.AbstractTransferListenerAdapter - Downloaded https://repo.maven.apache.org/maven2/org/sonatype/sisu/inject/guice-plexus-scanners/2.3.0/guice-plexus-scanners-2.3.0.jar
2017-08-06 22:22:48,345 [ModalContext] INFO  o.e.m.c.i.e.AbstractTransferListenerAdapter - Downloading https://repo.maven.apache.org/maven2/org/sonatype/sisu/inject/guice-plexus-lifecycles/2.3.0/guice-plexus-lifecycles-2.3.0.jar
2017-08-06 22:22:48,548 [ModalContext] INFO  o.e.m.c.i.e.AbstractTransferListenerAdapter - Downloaded https://repo.maven.apache.org/maven2/org/sonatype/sisu/inject/guice-plexus-lifecycles/2.3.0/guice-plexus-lifecycles-2.3.0.jar
2017-08-06 22:22:48,753 [ModalContext] INFO  o.e.m.c.i.e.AbstractTransferListenerAdapter - Downloading https://repo.maven.apache.org/maven2/org/apache/maven/maven-core/3.0.5/maven-core-3.0.5.jar
2017-08-06 22:22:49,162 [ModalContext] INFO  o.e.m.c.i.e.AbstractTransferListenerAdapter - Downloaded https://repo.maven.apache.org/maven2/org/apache/maven/maven-core/3.0.5/maven-core-3.0.5.jar
2017-08-06 22:22:49,367 [ModalContext] INFO  o.e.m.c.i.e.AbstractTransferListenerAdapter - Downloading https://repo.maven.apache.org/maven2/org/apache/maven/maven-settings/3.0.5/maven-settings-3.0.5.jar
2017-08-06 22:22:49,572 [ModalContext] INFO  o.e.m.c.i.e.AbstractTransferListenerAdapter - Downloaded https://repo.maven.apache.org/maven2/org/apache/maven/maven-settings/3.0.5/maven-settings-3.0.5.jar
2017-08-06 22:22:49,883 [ModalContext] INFO  o.e.m.c.i.e.AbstractTransferListenerAdapter - Downloading https://repo.maven.apache.org/maven2/org/apache/maven/maven-settings-builder/3.0.5/maven-settings-builder-3.0.5.jar
2017-08-06 22:22:50,084 [ModalContext] INFO  o.e.m.c.i.e.AbstractTransferListenerAdapter - Downloaded https://repo.maven.apache.org/maven2/org/apache/maven/maven-settings-builder/3.0.5/maven-settings-builder-3.0.5.jar
2017-08-06 22:22:50,293 [ModalContext] INFO  o.e.m.c.i.e.AbstractTransferListenerAdapter - Downloading https://repo.maven.apache.org/maven2/org/apache/maven/maven-repository-metadata/3.0.5/maven-repository-metadata-3.0.5.jar
2017-08-06 22:22:50,494 [ModalContext] INFO  o.e.m.c.i.e.AbstractTransferListenerAdapter - Downloaded https://repo.maven.apache.org/maven2/org/apache/maven/maven-repository-metadata/3.0.5/maven-repository-metadata-3.0.5.jar
2017-08-06 22:22:50,703 [ModalContext] INFO  o.e.m.c.i.e.AbstractTransferListenerAdapter - Downloading https://repo.maven.apache.org/maven2/org/apache/maven/maven-model-builder/3.0.5/maven-model-builder-3.0.5.jar
2017-08-06 22:22:50,903 [ModalContext] INFO  o.e.m.c.i.e.AbstractTransferListenerAdapter - Downloaded https://repo.maven.apache.org/maven2/org/apache/maven/maven-model-builder/3.0.5/maven-model-builder-3.0.5.jar
2017-08-06 22:22:51,113 [ModalContext] INFO  o.e.m.c.i.e.AbstractTransferListenerAdapter - Downloading https://repo.maven.apache.org/maven2/org/apache/maven/maven-aether-provider/3.0.5/maven-aether-provider-3.0.5.jar
2017-08-06 22:22:51,313 [ModalContext] INFO  o.e.m.c.i.e.AbstractTransferListenerAdapter - Downloaded https://repo.maven.apache.org/maven2/org/apache/maven/maven-aether-provider/3.0.5/maven-aether-provider-3.0.5.jar
2017-08-06 22:22:52,541 [ModalContext] INFO  o.e.m.c.i.e.AbstractTransferListenerAdapter - Downloading https://repo.maven.apache.org/maven2/org/apache/maven/maven-artifact/3.0.5/maven-artifact-3.0.5.jar
2017-08-06 22:22:52,747 [ModalContext] INFO  o.e.m.c.i.e.AbstractTransferListenerAdapter - Downloaded https://repo.maven.apache.org/maven2/org/apache/maven/maven-artifact/3.0.5/maven-artifact-3.0.5.jar
2017-08-06 22:22:52,954 [ModalContext] INFO  o.e.m.c.i.e.AbstractTransferListenerAdapter - Downloading https://repo.maven.apache.org/maven2/org/apache/maven/maven-archiver/3.0.2/maven-archiver-3.0.2.jar
2017-08-06 22:22:53,135 [ModalContext] INFO  o.e.m.c.i.e.AbstractTransferListenerAdapter - Downloaded https://repo.maven.apache.org/maven2/org/apache/maven/maven-archiver/3.0.2/maven-archiver-3.0.2.jar
2017-08-06 22:22:53,580 [ModalContext] INFO  o.e.m.c.i.e.AbstractTransferListenerAdapter - Downloading https://repo.maven.apache.org/maven2/org/codehaus/plexus/plexus-archiver/3.1.1/plexus-archiver-3.1.1.jar
2017-08-06 22:22:53,807 [ModalContext] INFO  o.e.m.c.i.e.AbstractTransferListenerAdapter - Downloaded https://repo.maven.apache.org/maven2/org/codehaus/plexus/plexus-archiver/3.1.1/plexus-archiver-3.1.1.jar
2017-08-06 22:22:54,083 [ModalContext] INFO  o.e.m.c.i.e.AbstractTransferListenerAdapter - Downloading https://repo.maven.apache.org/maven2/org/codehaus/plexus/plexus-io/2.7.1/plexus-io-2.7.1.jar
2017-08-06 22:22:54,283 [ModalContext] INFO  o.e.m.c.i.e.AbstractTransferListenerAdapter - Downloaded https://repo.maven.apache.org/maven2/org/codehaus/plexus/plexus-io/2.7.1/plexus-io-2.7.1.jar
2017-08-06 22:22:54,492 [ModalContext] INFO  o.e.m.c.i.e.AbstractTransferListenerAdapter - Downloading https://repo.maven.apache.org/maven2/org/apache/commons/commons-compress/1.10/commons-compress-1.10.jar
2017-08-06 22:22:54,795 [ModalContext] INFO  o.e.m.c.i.e.AbstractTransferListenerAdapter - Downloaded https://repo.maven.apache.org/maven2/org/apache/commons/commons-compress/1.10/commons-compress-1.10.jar
2017-08-06 22:22:54,999 [ModalContext] INFO  o.e.m.c.i.e.AbstractTransferListenerAdapter - Downloading https://repo.maven.apache.org/maven2/org/iq80/snappy/snappy/0.4/snappy-0.4.jar
2017-08-06 22:22:55,204 [ModalContext] INFO  o.e.m.c.i.e.AbstractTransferListenerAdapter - Downloaded https://repo.maven.apache.org/maven2/org/iq80/snappy/snappy/0.4/snappy-0.4.jar
2017-08-06 22:24:50,186 [Worker-52] INFO  o.e.m.c.i.l.LifecycleMappingFactory - Using org.eclipse.m2e.jdt.JarLifecycleMapping lifecycle mapping for MavenProject: com.itcuties.service:HighScoresService:0.0.1-SNAPSHOT @ /home/gayantha/Documents/git/Axis2-Project/HighScoresService/pom.xml.
2017-08-06 22:24:50,279 [Worker-52] WARN  o.e.m.c.i.embedder.EclipseLogger - Using platform encoding (UTF-8 actually) to copy filtered resources, i.e. build is platform dependent!
2017-08-06 22:24:50,284 [Worker-52] INFO  o.e.m.c.i.embedder.EclipseLogger - Copying 0 resource
2017-08-06 22:24:50,285 [Worker-52] INFO  o.e.m.c.i.embedder.EclipseLogger - Copying 0 resource
2017-08-06 22:24:50,291 [Worker-52] WARN  o.e.m.c.i.embedder.EclipseLogger - Using platform encoding (UTF-8 actually) to copy filtered resources, i.e. build is platform dependent!
2017-08-06 22:24:50,299 [Worker-52] INFO  o.e.m.c.i.embedder.EclipseLogger - Copying 0 resource
2017-08-06 22:27:13,460 [Worker-47] INFO  o.e.m.c.i.l.LifecycleMappingFactory - Using org.eclipse.m2e.jdt.JarLifecycleMapping lifecycle mapping for MavenProject: com.itcuties.service:HighScoresService:0.0.1-SNAPSHOT @ /home/gayantha/Documents/git/Axis2-Project/HighScoresService/pom.xml.
2017-08-06 22:27:13,558 [Worker-47] WARN  o.e.m.c.i.embedder.EclipseLogger - Using platform encoding (UTF-8 actually) to copy filtered resources, i.e. build is platform dependent!
2017-08-06 22:27:13,559 [Worker-47] INFO  o.e.m.c.i.embedder.EclipseLogger - Copying 0 resource
2017-08-06 22:27:13,559 [Worker-47] INFO  o.e.m.c.i.embedder.EclipseLogger - Copying 0 resource
2017-08-06 22:27:13,567 [Worker-47] WARN  o.e.m.c.i.embedder.EclipseLogger - Using platform encoding (UTF-8 actually) to copy filtered resources, i.e. build is platform dependent!
2017-08-06 22:27:13,567 [Worker-47] INFO  o.e.m.c.i.embedder.EclipseLogger - Copying 0 resource
2017-08-06 22:27:27,647 [main] INFO  o.e.m2e.actions.ExecutePomAction - Creating new launch configuration
2017-08-06 22:28:14,179 [Worker-49] INFO  o.e.m.i.launch.MavenLaunchDelegate - /home/gayantha/Documents/git/Axis2-Project/HighScoresService
2017-08-06 22:28:14,179 [Worker-49] INFO  o.e.m.i.launch.MavenLaunchDelegate -  mvn  -B clean generate-sources package
2017-08-06 22:28:52,595 [main] INFO  o.e.m2e.actions.ExecutePomAction - Creating new launch configuration
2017-08-06 22:28:56,988 [Worker-52] INFO  o.e.m.i.launch.MavenLaunchDelegate - /home/gayantha/Documents/git/Axis2-Project/HighScoresService
2017-08-06 22:28:56,989 [Worker-52] INFO  o.e.m.i.launch.MavenLaunchDelegate -  mvn  -B 
2017-08-06 22:29:23,230 [Worker-52] WARN  o.e.m.c.i.embedder.EclipseLogger - Using platform encoding (UTF-8 actually) to copy filtered resources, i.e. build is platform dependent!
2017-08-06 22:29:23,230 [Worker-52] INFO  o.e.m.c.i.embedder.EclipseLogger - Copying 0 resource
2017-08-06 22:29:23,230 [Worker-52] INFO  o.e.m.c.i.embedder.EclipseLogger - Copying 0 resource
2017-08-06 22:29:23,232 [Worker-52] WARN  o.e.m.c.i.embedder.EclipseLogger - Using platform encoding (UTF-8 actually) to copy filtered resources, i.e. build is platform dependent!
2017-08-06 22:29:23,232 [Worker-52] INFO  o.e.m.c.i.embedder.EclipseLogger - Copying 0 resource
2017-08-06 22:29:52,499 [main] INFO  o.e.m2e.actions.ExecutePomAction - Creating new launch configuration
2017-08-06 22:30:27,102 [Worker-47] INFO  o.e.m.i.launch.MavenLaunchDelegate - /home/gayantha/Documents/git/Axis2-Project/HighScoresService
2017-08-06 22:30:27,102 [Worker-47] INFO  o.e.m.i.launch.MavenLaunchDelegate -  mvn  -B clean generate-sources package
